<?xml version="1.0" encoding="UTF-8"?>
<testsuite xmlns:xsi="http://www.w3.org/2001/XMLSchema-instance" xsi:noNamespaceSchemaLocation="https://maven.apache.org/surefire/maven-surefire-plugin/xsd/surefire-test-report-3.0.xsd" version="3.0" name="TestSuite" time="82.822" tests="2" errors="0" skipped="0" failures="0">
  <properties>
[...]
</properties>
  <testcase name="verify_account_registration" classname="testcases.TC__001_AccountRegistrationTest" time="6.3">
    <system-out><![CDATA[15:22:30.374 [main] INFO  testcases.TC__001_AccountRegistrationTest - **** Starting of TC_001_AccountRegistrationTest *****
15:22:31.375 [main] INFO  testcases.TC__001_AccountRegistrationTest - click on Myaccount
15:22:33.658 [main] INFO  testcases.TC__001_AccountRegistrationTest - click on registration
15:22:33.662 [main] INFO  testcases.TC__001_AccountRegistrationTest - Entering customer Information
15:22:35.079 [main] INFO  testcases.TC__001_AccountRegistrationTest - Click on continue Button
15:22:36.477 [main] INFO  testcases.TC__001_AccountRegistrationTest - Validation the confirmation Message
15:22:36.477 [main] INFO  testcases.TC__001_AccountRegistrationTest - Test passed
15:22:36.481 [main] INFO  testcases.TC__001_AccountRegistrationTest - **** Ending of TC_001_AccountRegistrationTest *****
]]></system-out>
  </testcase>
  <testcase name="verify_Login_Test" classname="testcases.TC_002_LoginTest" time="4.723">
    <system-out><![CDATA[15:22:55.666 [main] INFO  testcases.TC_002_LoginTest - ***** Starting of TC_002_Login Test ******
15:22:56.203 [main] INFO  testcases.TC_002_LoginTest - click on My account link on the Homepage 
15:22:57.804 [main] INFO  testcases.TC_002_LoginTest - click on login link under myaccount
15:22:57.822 [main] INFO  testcases.TC_002_LoginTest - Entering valid login and password...
15:22:58.651 [main] INFO  testcases.TC_002_LoginTest - click on Login button
15:23:00.386 [main] INFO  testcases.TC_002_LoginTest - login test successful
15:23:00.386 [main] INFO  testcases.TC_002_LoginTest - **** Finished the Login Test *****
]]></system-out>
  </testcase>
</testsuite>