<?xml version="1.0" encoding="UTF-8"?>
<testng-results ignored="0" total="2" passed="2" failed="0" skipped="0">
  <reporter-output>
  </reporter-output>
  <suite started-at="2024-03-22T15:21:52 IST" name="Suite" finished-at="2024-03-22T15:23:01 IST" duration-ms="68016">
    <groups>
      <group name="regression">
        <method signature="TC__001_AccountRegistrationTest.verify_account_registration()[pri:0, instance:testcases.TC__001_AccountRegistrationTest@4dc8caa7]" name="verify_account_registration" class="testcases.TC__001_AccountRegistrationTest"/>
      </group> <!-- regression -->
      <group name="sanity">
        <method signature="TC_002_LoginTest.verify_Login_Test()[pri:0, instance:testcases.TC_002_LoginTest@53d102a2]" name="verify_Login_Test" class="testcases.TC_002_LoginTest"/>
      </group> <!-- sanity -->
      <group name="master">
        <method signature="TC_002_LoginTest.verify_Login_Test()[pri:0, instance:testcases.TC_002_LoginTest@53d102a2]" name="verify_Login_Test" class="testcases.TC_002_LoginTest"/>
        <method signature="TC__001_AccountRegistrationTest.verify_account_registration()[pri:0, instance:testcases.TC__001_AccountRegistrationTest@4dc8caa7]" name="verify_account_registration" class="testcases.TC__001_AccountRegistrationTest"/>
      </group> <!-- master -->
    </groups>
    <test started-at="2024-03-22T15:21:52 IST" name="Test" finished-at="2024-03-22T15:23:01 IST" duration-ms="68016">
      <class name="testcases.TC__001_AccountRegistrationTest">
        <test-method is-config="true" signature="setup(java.lang.String,java.lang.String)[pri:0, instance:testcases.TC__001_AccountRegistrationTest@4dc8caa7]" started-at="2024-03-22T15:21:53 IST" name="setup" finished-at="2024-03-22T15:22:30 IST" duration-ms="36570" status="PASS">
          <params>
            <param index="0">
              <value>
                <![CDATA[windows]]>
              </value>
            </param>
            <param index="1">
              <value>
                <![CDATA[chrome]]>
              </value>
            </param>
          </params>
          <reporter-output>
          </reporter-output>
        </test-method> <!-- setup -->
        <test-method signature="verify_account_registration()[pri:0, instance:testcases.TC__001_AccountRegistrationTest@4dc8caa7]" started-at="2024-03-22T15:22:30 IST" name="verify_account_registration" finished-at="2024-03-22T15:22:36 IST" duration-ms="6235" status="PASS">
          <reporter-output>
          </reporter-output>
        </test-method> <!-- verify_account_registration -->
        <test-method is-config="true" signature="tearDown()[pri:0, instance:testcases.TC__001_AccountRegistrationTest@4dc8caa7]" started-at="2024-03-22T15:22:36 IST" name="tearDown" finished-at="2024-03-22T15:22:37 IST" duration-ms="557" status="PASS">
          <reporter-output>
          </reporter-output>
        </test-method> <!-- tearDown -->
      </class> <!-- testcases.TC__001_AccountRegistrationTest -->
      <class name="testcases.TC_002_LoginTest">
        <test-method is-config="true" signature="setup(java.lang.String,java.lang.String)[pri:0, instance:testcases.TC_002_LoginTest@53d102a2]" started-at="2024-03-22T15:22:37 IST" name="setup" finished-at="2024-03-22T15:22:55 IST" duration-ms="18556" status="PASS">
          <params>
            <param index="0">
              <value>
                <![CDATA[windows]]>
              </value>
            </param>
            <param index="1">
              <value>
                <![CDATA[chrome]]>
              </value>
            </param>
          </params>
          <reporter-output>
          </reporter-output>
        </test-method> <!-- setup -->
        <test-method signature="verify_Login_Test()[pri:0, instance:testcases.TC_002_LoginTest@53d102a2]" started-at="2024-03-22T15:22:55 IST" name="verify_Login_Test" finished-at="2024-03-22T15:23:00 IST" duration-ms="4725" status="PASS">
          <reporter-output>
          </reporter-output>
        </test-method> <!-- verify_Login_Test -->
        <test-method is-config="true" signature="tearDown()[pri:0, instance:testcases.TC_002_LoginTest@53d102a2]" started-at="2024-03-22T15:23:00 IST" name="tearDown" finished-at="2024-03-22T15:23:01 IST" duration-ms="614" status="PASS">
          <reporter-output>
          </reporter-output>
        </test-method> <!-- tearDown -->
      </class> <!-- testcases.TC_002_LoginTest -->
    </test> <!-- Test -->
  </suite> <!-- Suite -->
</testng-results>
